[debug] [2022-10-10T13:18:05.478Z] ----------------------------------------------------------------------
[debug] [2022-10-10T13:18:05.482Z] Command:       C:\Program Files\nodejs\node.exe C:\Users\Alimardon\AppData\Roaming\npm\node_modules\firebase-tools\lib\bin\firebase.js init
[debug] [2022-10-10T13:18:05.483Z] CLI Version:   11.14.1
[debug] [2022-10-10T13:18:05.484Z] Platform:      win32
[debug] [2022-10-10T13:18:05.484Z] Node Version:  v16.14.2
[debug] [2022-10-10T13:18:05.485Z] Time:          Mon Oct 10 2022 18:18:05 GMT+0500 (Узбекистан, стандартное время)
[debug] [2022-10-10T13:18:05.486Z] ----------------------------------------------------------------------
[debug] 
[debug] [2022-10-10T13:18:05.501Z] > command requires scopes: ["email","openid","https://www.googleapis.com/auth/cloudplatformprojects.readonly","https://www.googleapis.com/auth/firebase","https://www.googleapis.com/auth/cloud-platform"]
[debug] [2022-10-10T13:18:05.502Z] > authorizing via signed-in user (alimardondjumanaliyev07@gmail.com)
[info] 
     ######## #### ########  ######## ########     ###     ######  ########
     ##        ##  ##     ## ##       ##     ##  ##   ##  ##       ##
     ######    ##  ########  ######   ########  #########  ######  ######
     ##        ##  ##    ##  ##       ##     ## ##     ##       ## ##
     ##       #### ##     ## ######## ########  ##     ##  ######  ########

You're about to initialize a Firebase project in this directory:

  D:\My-Works\My-Portfolio 3\my-react-app

[info] 
=== Project Setup
[info] 
[info] First, let's associate this project directory with a Firebase project.
[info] You can create multiple project aliases by running firebase use --add, 
[info] but for now we'll just set up a default project.
[info] 
[debug] [2022-10-10T13:18:14.187Z] >>> [apiv2][query] GET https://firebase.googleapis.com/v1beta1/projects pageSize=100
[debug] [2022-10-10T13:18:15.339Z] <<< [apiv2][status] GET https://firebase.googleapis.com/v1beta1/projects 200
[debug] [2022-10-10T13:18:15.339Z] <<< [apiv2][body] GET https://firebase.googleapis.com/v1beta1/projects [omitted]
